<?xml version="1.0" encoding="UTF-8"?>
<!-- Generated by org.testng.reporters.JUnitReportReporter -->
<testsuite skipped="0" hostname="LAPTOP-5NH939KJ" name="com.parabank.tests.TransferTests" tests="1" failures="0" timestamp="2020-10-11T21:18:47 IST" time="12.075" errors="0">
  <testcase name="fundTransferValidation" time="12.075" classname="com.parabank.tests.TransferTests"/>
  <system-out/>
</testsuite> <!-- com.parabank.tests.TransferTests -->
